<?xml version="1.0" encoding="UTF-8"?>
<testsuite name="ru.stqa.pft.sandbox.PointTests2" tests="1" skipped="0" failures="0" errors="0" timestamp="2020-04-08T01:56:32" hostname="DESKTOP-3H2R2L7" time="0.009">
  <properties/>
  <testcase name="testSqrt" classname="ru.stqa.pft.sandbox.PointTests2" time="0.009"/>
  <system-out><![CDATA[]]></system-out>
  <system-err><![CDATA[]]></system-err>
</testsuite>
