<?xml version="1.0" encoding="UTF-8"?>
<testsuite name="ru.stqa.pft.addressbook.tests.ContactEditionTest" tests="1" skipped="0" failures="0" errors="0" timestamp="2020-04-09T07:00:50" hostname="DESKTOP-3H2R2L7" time="2.28">
  <properties/>
  <testcase name="testContactEdition" classname="ru.stqa.pft.addressbook.tests.ContactEditionTest" time="2.28"/>
  <system-out><![CDATA[]]></system-out>
  <system-err><![CDATA[Starting ChromeDriver 80.0.3987.106 (f68069574609230cf9b635cd784cfb1bf81bb53a-refs/branch-heads/3987@{#882}) on port 14539
Only local connections are allowed.
Please protect ports used by ChromeDriver and related test frameworks to prevent access by malicious code.
[1586415647.757][WARNING]: Timed out connecting to Chrome, retrying...
Apr 09, 2020 9:00:49 AM org.openqa.selenium.remote.ProtocolHandshake createSession
INFO: Detected dialect: W3C
]]></system-err>
</testsuite>
