<?xml version="1.0" encoding="UTF-8"?>
<testsuite name="ru.stqa.pft.addressbook.tests.GroupCreationTest" tests="1" skipped="0" failures="0" errors="0" timestamp="2020-04-12T08:28:58" hostname="DESKTOP-3H2R2L7" time="2.675">
  <properties/>
  <testcase name="testGroupCreation" classname="ru.stqa.pft.addressbook.tests.GroupCreationTest" time="2.675"/>
  <system-out><![CDATA[]]></system-out>
  <system-err><![CDATA[]]></system-err>
</testsuite>
