<?xml version="1.0" encoding="UTF-8"?>
<testsuite name="ru.stqa.pft.addressbook.tests.GroupCreationTest" tests="1" skipped="0" failures="0" errors="0" timestamp="2020-04-08T04:29:55" hostname="DESKTOP-3H2R2L7" time="1.91">
  <properties/>
  <testcase name="testGroupCreation" classname="ru.stqa.pft.addressbook.tests.GroupCreationTest" time="1.91"/>
  <system-out><![CDATA[]]></system-out>
  <system-err><![CDATA[1586320189518	mozrunner::runner	INFO	Running command: "C:\\Program Files\\Mozilla Firefox\\firefox.exe" "-marionette" "-foreground" "-no-remote" "-profile" "C:\\Users\\Darkside\\AppData\\Local\\Temp\\rust_mozprofileTyCvXr"
1586320190015	addons.webextension.doh-rollout@mozilla.org	WARN	Loading extension 'doh-rollout@mozilla.org': Reading manifest: Invalid extension permission: networkStatus
1586320190637	addons.webextension.screenshots@mozilla.org	WARN	Loading extension 'screenshots@mozilla.org': Reading manifest: Invalid extension permission: mozillaAddons
1586320190638	addons.webextension.screenshots@mozilla.org	WARN	Loading extension 'screenshots@mozilla.org': Reading manifest: Invalid extension permission: telemetry
1586320190638	addons.webextension.screenshots@mozilla.org	WARN	Loading extension 'screenshots@mozilla.org': Reading manifest: Invalid extension permission: resource://pdf.js/
1586320190638	addons.webextension.screenshots@mozilla.org	WARN	Loading extension 'screenshots@mozilla.org': Reading manifest: Invalid extension permission: about:reader*
JavaScript error: resource://gre/modules/XULStore.jsm, line 66: Error: Can't find profile directory.
1586320193575	Marionette	INFO	Listening on port 56711
1586320193654	Marionette	WARN	TLS certificate errors will be ignored for this session
Apr 08, 2020 6:29:53 AM org.openqa.selenium.remote.ProtocolHandshake createSession
INFO: Detected dialect: W3C
]]></system-err>
</testsuite>
