<?xml version="1.0" encoding="UTF-8"?>
<testsuite name="ru.stqa.pft.addressbook.tests.GroupCreationTest" tests="1" skipped="0" failures="0" errors="0" timestamp="2020-04-12T06:26:12" hostname="DESKTOP-3H2R2L7" time="2.346">
  <properties/>
  <testcase name="testGroupCreation" classname="ru.stqa.pft.addressbook.tests.GroupCreationTest" time="2.346"/>
  <system-out><![CDATA[]]></system-out>
  <system-err><![CDATA[Starting ChromeDriver 80.0.3987.106 (f68069574609230cf9b635cd784cfb1bf81bb53a-refs/branch-heads/3987@{#882}) on port 6653
Only local connections are allowed.
Please protect ports used by ChromeDriver and related test frameworks to prevent access by malicious code.
[1586672768.162][WARNING]: Timed out connecting to Chrome, retrying...
Apr 12, 2020 8:26:10 AM org.openqa.selenium.remote.ProtocolHandshake createSession
INFO: Detected dialect: W3C
]]></system-err>
</testsuite>
