<?xml version="1.0" encoding="UTF-8"?>
<testsuite name="ru.stqa.pft.addressbook.CreategroupTest" tests="1" skipped="0" failures="0" errors="0" timestamp="2020-04-06T04:18:30" hostname="DESKTOP-3H2R2L7" time="1.505">
  <properties/>
  <testcase name="creategroup" classname="ru.stqa.pft.addressbook.CreategroupTest" time="1.505"/>
  <system-out><![CDATA[]]></system-out>
  <system-err><![CDATA[1586146705513	mozrunner::runner	INFO	Running command: "C:\\Program Files\\Mozilla Firefox\\firefox.exe" "-marionette" "-foreground" "-no-remote" "-profile" "C:\\Users\\Darkside\\AppData\\Local\\Temp\\rust_mozprofile1R7RWw"
1586146706129	addons.webextension.doh-rollout@mozilla.org	WARN	Loading extension 'doh-rollout@mozilla.org': Reading manifest: Invalid extension permission: networkStatus
1586146706840	addons.webextension.screenshots@mozilla.org	WARN	Loading extension 'screenshots@mozilla.org': Reading manifest: Invalid extension permission: mozillaAddons
1586146706841	addons.webextension.screenshots@mozilla.org	WARN	Loading extension 'screenshots@mozilla.org': Reading manifest: Invalid extension permission: telemetry
1586146706841	addons.webextension.screenshots@mozilla.org	WARN	Loading extension 'screenshots@mozilla.org': Reading manifest: Invalid extension permission: resource://pdf.js/
1586146706841	addons.webextension.screenshots@mozilla.org	WARN	Loading extension 'screenshots@mozilla.org': Reading manifest: Invalid extension permission: about:reader*
JavaScript error: resource://gre/modules/XULStore.jsm, line 66: Error: Can't find profile directory.
1586146709726	Marionette	INFO	Listening on port 52372
1586146709804	Marionette	WARN	TLS certificate errors will be ignored for this session
Apr 06, 2020 6:18:29 AM org.openqa.selenium.remote.ProtocolHandshake createSession
INFO: Detected dialect: W3C
1586146712473	Marionette	INFO	Stopped listening on port 52372

###!!! [Child][RunMessage] Error: Channel closing: too late to send/recv, messages will be lost

]]></system-err>
</testsuite>
